<?xml version="1.0" encoding="UTF-8"?>
<testsuite name="com.springboot.aws.webservice.web.HelloControllerTest" tests="2" skipped="0" failures="0" errors="0" timestamp="2021-12-09T18:23:06" hostname="ELITEBOOK1050G1" time="0.238">
  <properties/>
  <testcase name="returns_helloDto()" classname="com.springboot.aws.webservice.web.HelloControllerTest" time="0.229"/>
  <testcase name="returns_hello()" classname="com.springboot.aws.webservice.web.HelloControllerTest" time="0.009"/>
  <system-out><![CDATA[2021-12-10 03:23:05.321  INFO 23932 --- [    Test worker] .b.t.a.w.s.WebMvcTestContextBootstrapper : Neither @ContextConfiguration nor @ContextHierarchy found for test class [com.springboot.aws.webservice.web.HelloControllerTest], using SpringBootContextLoader
2021-12-10 03:23:05.323  INFO 23932 --- [    Test worker] o.s.t.c.support.AbstractContextLoader    : Could not detect default resource locations for test class [com.springboot.aws.webservice.web.HelloControllerTest]: no resource found for suffixes {-context.xml, Context.groovy}.
2021-12-10 03:23:05.323  INFO 23932 --- [    Test worker] t.c.s.AnnotationConfigContextLoaderUtils : Could not detect default configuration classes for test class [com.springboot.aws.webservice.web.HelloControllerTest]: HelloControllerTest does not declare any static, non-private, non-final, nested classes annotated with @Configuration.
2021-12-10 03:23:05.351  INFO 23932 --- [    Test worker] .b.t.c.SpringBootTestContextBootstrapper : Found @SpringBootConfiguration com.springboot.aws.webservice.Application for test class com.springboot.aws.webservice.web.HelloControllerTest
2021-12-10 03:23:05.352  INFO 23932 --- [    Test worker] .b.t.a.w.s.WebMvcTestContextBootstrapper : Loaded default TestExecutionListener class names from location [META-INF/spring.factories]: [org.springframework.security.test.context.support.WithSecurityContextTestExecutionListener, org.springframework.security.test.context.support.ReactorContextTestExecutionListener, org.springframework.boot.test.autoconfigure.restdocs.RestDocsTestExecutionListener, org.springframework.boot.test.autoconfigure.web.client.MockRestServiceServerResetTestExecutionListener, org.springframework.boot.test.autoconfigure.web.servlet.MockMvcPrintOnlyOnFailureTestExecutionListener, org.springframework.boot.test.autoconfigure.web.servlet.WebDriverTestExecutionListener, org.springframework.boot.test.autoconfigure.webservices.client.MockWebServiceServerTestExecutionListener, org.springframework.boot.test.mock.mockito.MockitoTestExecutionListener, org.springframework.boot.test.mock.mockito.ResetMocksTestExecutionListener, org.springframework.test.context.web.ServletTestExecutionListener, org.springframework.test.context.support.DirtiesContextBeforeModesTestExecutionListener, org.springframework.test.context.event.ApplicationEventsTestExecutionListener, org.springframework.test.context.support.DependencyInjectionTestExecutionListener, org.springframework.test.context.support.DirtiesContextTestExecutionListener, org.springframework.test.context.transaction.TransactionalTestExecutionListener, org.springframework.test.context.jdbc.SqlScriptsTestExecutionListener, org.springframework.test.context.event.EventPublishingTestExecutionListener]
2021-12-10 03:23:05.353  INFO 23932 --- [    Test worker] .b.t.a.w.s.WebMvcTestContextBootstrapper : Using TestExecutionListeners: [org.springframework.test.context.web.ServletTestExecutionListener@486db27e, org.springframework.test.context.support.DirtiesContextBeforeModesTestExecutionListener@16ee89e3, org.springframework.test.context.event.ApplicationEventsTestExecutionListener@348bad26, org.springframework.boot.test.mock.mockito.MockitoTestExecutionListener@341ec907, org.springframework.boot.test.autoconfigure.SpringBootDependencyInjectionTestExecutionListener@114573b8, org.springframework.test.context.support.DirtiesContextTestExecutionListener@738651e2, org.springframework.test.context.transaction.TransactionalTestExecutionListener@1a0d3029, org.springframework.test.context.jdbc.SqlScriptsTestExecutionListener@5899849e, org.springframework.security.test.context.support.WithSecurityContextTestExecutionListener@62fbe486, org.springframework.test.context.event.EventPublishingTestExecutionListener@2333b07a, org.springframework.security.test.context.support.ReactorContextTestExecutionListener@504c404d, org.springframework.boot.test.autoconfigure.restdocs.RestDocsTestExecutionListener@446593ae, org.springframework.boot.test.autoconfigure.web.client.MockRestServiceServerResetTestExecutionListener@79879070, org.springframework.boot.test.autoconfigure.web.servlet.MockMvcPrintOnlyOnFailureTestExecutionListener@47894f5a, org.springframework.boot.test.autoconfigure.web.servlet.WebDriverTestExecutionListener@757531ce, org.springframework.boot.test.autoconfigure.webservices.client.MockWebServiceServerTestExecutionListener@1de5242d, org.springframework.boot.test.mock.mockito.ResetMocksTestExecutionListener@58a433f1]

  .   ____          _            __ _ _
 /\\ / ___'_ __ _ _(_)_ __  __ _ \ \ \ \
( ( )\___ | '_ | '_| | '_ \/ _` | \ \ \ \
 \\/  ___)| |_)| | | | | || (_| |  ) ) ) )
  '  |____| .__|_| |_|_| |_\__, | / / / /
 =========|_|==============|___/=/_/_/_/
 :: Spring Boot ::                (v2.5.5)

2021-12-10 03:23:05.401  INFO 23932 --- [    Test worker] c.s.a.w.web.HelloControllerTest          : Starting HelloControllerTest using Java 11.0.1 on EliteBook1050G1 with PID 23932 (started by jcy00 in C:\Learning\Java\spring)
2021-12-10 03:23:05.401  INFO 23932 --- [    Test worker] c.s.a.w.web.HelloControllerTest          : No active profile set, falling back to default profiles: default
2021-12-10 03:23:05.977  INFO 23932 --- [    Test worker] o.s.b.a.w.s.WelcomePageHandlerMapping    : Adding welcome page template: index
2021-12-10 03:23:06.495  INFO 23932 --- [    Test worker] o.s.s.web.DefaultSecurityFilterChain     : Will secure any request with [org.springframework.security.web.context.request.async.WebAsyncManagerIntegrationFilter@60a5e55b, org.springframework.security.web.context.SecurityContextPersistenceFilter@3c955c9f, org.springframework.security.web.header.HeaderWriterFilter@478003e2, org.springframework.security.web.csrf.CsrfFilter@1872defd, org.springframework.security.web.authentication.logout.LogoutFilter@2d369642, org.springframework.security.oauth2.client.web.OAuth2AuthorizationRequestRedirectFilter@358744ee, org.springframework.security.oauth2.client.web.OAuth2AuthorizationRequestRedirectFilter@3fab1cb8, org.springframework.security.oauth2.client.web.OAuth2LoginAuthenticationFilter@317ac0bf, org.springframework.security.web.authentication.ui.DefaultLoginPageGeneratingFilter@2399c8, org.springframework.security.web.authentication.ui.DefaultLogoutPageGeneratingFilter@3c198f86, org.springframework.security.web.savedrequest.RequestCacheAwareFilter@28c2616c, org.springframework.security.web.servletapi.SecurityContextHolderAwareRequestFilter@6f9ae885, org.springframework.security.web.authentication.AnonymousAuthenticationFilter@45eb734f, org.springframework.security.oauth2.client.web.OAuth2AuthorizationCodeGrantFilter@4f23a74f, org.springframework.security.web.session.SessionManagementFilter@5b069a04, org.springframework.security.web.access.ExceptionTranslationFilter@498bb918, org.springframework.security.web.access.intercept.FilterSecurityInterceptor@24ab785f]
2021-12-10 03:23:06.633  INFO 23932 --- [    Test worker] o.s.b.t.m.w.SpringBootMockServletContext : Initializing Spring TestDispatcherServlet ''
2021-12-10 03:23:06.633  INFO 23932 --- [    Test worker] o.s.t.web.servlet.TestDispatcherServlet  : Initializing Servlet ''
2021-12-10 03:23:06.633  INFO 23932 --- [    Test worker] o.s.t.web.servlet.TestDispatcherServlet  : Completed initialization in 0 ms
2021-12-10 03:23:06.654  INFO 23932 --- [    Test worker] c.s.a.w.web.HelloControllerTest          : Started HelloControllerTest in 1.297 seconds (JVM running for 12.033)
]]></system-out>
  <system-err><![CDATA[]]></system-err>
</testsuite>
