<?xml version="1.0" encoding="UTF-8"?>
<testsuite name="com.springboot.aws.webservice.web.HelloControllerTest" tests="2" skipped="0" failures="0" errors="0" timestamp="2021-12-09T09:27:47" hostname="ELITEBOOK1050G1" time="1.065">
  <properties/>
  <testcase name="returns_helloDto()" classname="com.springboot.aws.webservice.web.HelloControllerTest" time="1.052"/>
  <testcase name="returns_hello()" classname="com.springboot.aws.webservice.web.HelloControllerTest" time="0.012"/>
  <system-out><![CDATA[18:27:42.589 [Test worker] DEBUG org.springframework.test.context.BootstrapUtils - Instantiating CacheAwareContextLoaderDelegate from class [org.springframework.test.context.cache.DefaultCacheAwareContextLoaderDelegate]
18:27:42.633 [Test worker] DEBUG org.springframework.test.context.BootstrapUtils - Instantiating BootstrapContext using constructor [public org.springframework.test.context.support.DefaultBootstrapContext(java.lang.Class,org.springframework.test.context.CacheAwareContextLoaderDelegate)]
18:27:42.700 [Test worker] DEBUG org.springframework.test.context.BootstrapUtils - Instantiating TestContextBootstrapper for test class [com.springboot.aws.webservice.web.HelloControllerTest] from class [org.springframework.boot.test.autoconfigure.web.servlet.WebMvcTestContextBootstrapper]
18:27:42.724 [Test worker] INFO org.springframework.boot.test.autoconfigure.web.servlet.WebMvcTestContextBootstrapper - Neither @ContextConfiguration nor @ContextHierarchy found for test class [com.springboot.aws.webservice.web.HelloControllerTest], using SpringBootContextLoader
18:27:42.732 [Test worker] DEBUG org.springframework.test.context.support.AbstractContextLoader - Did not detect default resource location for test class [com.springboot.aws.webservice.web.HelloControllerTest]: class path resource [com/springboot/aws/webservice/web/HelloControllerTest-context.xml] does not exist
18:27:42.733 [Test worker] DEBUG org.springframework.test.context.support.AbstractContextLoader - Did not detect default resource location for test class [com.springboot.aws.webservice.web.HelloControllerTest]: class path resource [com/springboot/aws/webservice/web/HelloControllerTestContext.groovy] does not exist
18:27:42.734 [Test worker] INFO org.springframework.test.context.support.AbstractContextLoader - Could not detect default resource locations for test class [com.springboot.aws.webservice.web.HelloControllerTest]: no resource found for suffixes {-context.xml, Context.groovy}.
18:27:42.735 [Test worker] INFO org.springframework.test.context.support.AnnotationConfigContextLoaderUtils - Could not detect default configuration classes for test class [com.springboot.aws.webservice.web.HelloControllerTest]: HelloControllerTest does not declare any static, non-private, non-final, nested classes annotated with @Configuration.
18:27:42.902 [Test worker] DEBUG org.springframework.test.context.support.ActiveProfilesUtils - Could not find an 'annotation declaring class' for annotation type [org.springframework.test.context.ActiveProfiles] and class [com.springboot.aws.webservice.web.HelloControllerTest]
18:27:43.075 [Test worker] DEBUG org.springframework.context.annotation.ClassPathScanningCandidateComponentProvider - Identified candidate component class: file [C:\Learning\Java\spring\build\classes\java\main\com\springboot\aws\webservice\Application.class]
18:27:43.076 [Test worker] INFO org.springframework.boot.test.context.SpringBootTestContextBootstrapper - Found @SpringBootConfiguration com.springboot.aws.webservice.Application for test class com.springboot.aws.webservice.web.HelloControllerTest
18:27:43.080 [Test worker] DEBUG org.springframework.boot.test.autoconfigure.web.servlet.WebMvcTestContextBootstrapper - @TestExecutionListeners is not present for class [com.springboot.aws.webservice.web.HelloControllerTest]: using defaults.
18:27:43.082 [Test worker] INFO org.springframework.boot.test.autoconfigure.web.servlet.WebMvcTestContextBootstrapper - Loaded default TestExecutionListener class names from location [META-INF/spring.factories]: [org.springframework.security.test.context.support.WithSecurityContextTestExecutionListener, org.springframework.security.test.context.support.ReactorContextTestExecutionListener, org.springframework.boot.test.autoconfigure.restdocs.RestDocsTestExecutionListener, org.springframework.boot.test.autoconfigure.web.client.MockRestServiceServerResetTestExecutionListener, org.springframework.boot.test.autoconfigure.web.servlet.MockMvcPrintOnlyOnFailureTestExecutionListener, org.springframework.boot.test.autoconfigure.web.servlet.WebDriverTestExecutionListener, org.springframework.boot.test.autoconfigure.webservices.client.MockWebServiceServerTestExecutionListener, org.springframework.boot.test.mock.mockito.MockitoTestExecutionListener, org.springframework.boot.test.mock.mockito.ResetMocksTestExecutionListener, org.springframework.test.context.web.ServletTestExecutionListener, org.springframework.test.context.support.DirtiesContextBeforeModesTestExecutionListener, org.springframework.test.context.event.ApplicationEventsTestExecutionListener, org.springframework.test.context.support.DependencyInjectionTestExecutionListener, org.springframework.test.context.support.DirtiesContextTestExecutionListener, org.springframework.test.context.transaction.TransactionalTestExecutionListener, org.springframework.test.context.jdbc.SqlScriptsTestExecutionListener, org.springframework.test.context.event.EventPublishingTestExecutionListener]
18:27:43.145 [Test worker] INFO org.springframework.boot.test.autoconfigure.web.servlet.WebMvcTestContextBootstrapper - Using TestExecutionListeners: [org.springframework.test.context.web.ServletTestExecutionListener@2e31eab9, org.springframework.test.context.support.DirtiesContextBeforeModesTestExecutionListener@15518e00, org.springframework.test.context.event.ApplicationEventsTestExecutionListener@546f65ec, org.springframework.boot.test.mock.mockito.MockitoTestExecutionListener@1b80f4e3, org.springframework.boot.test.autoconfigure.SpringBootDependencyInjectionTestExecutionListener@3ac5a108, org.springframework.test.context.support.DirtiesContextTestExecutionListener@23fd19de, org.springframework.test.context.transaction.TransactionalTestExecutionListener@c124848, org.springframework.test.context.jdbc.SqlScriptsTestExecutionListener@10a982c5, org.springframework.security.test.context.support.WithSecurityContextTestExecutionListener@7f3bc39, org.springframework.test.context.event.EventPublishingTestExecutionListener@4c8b66f0, org.springframework.security.test.context.support.ReactorContextTestExecutionListener@52453721, org.springframework.boot.test.autoconfigure.restdocs.RestDocsTestExecutionListener@e263806, org.springframework.boot.test.autoconfigure.web.client.MockRestServiceServerResetTestExecutionListener@14ae5f8f, org.springframework.boot.test.autoconfigure.web.servlet.MockMvcPrintOnlyOnFailureTestExecutionListener@305170c, org.springframework.boot.test.autoconfigure.web.servlet.WebDriverTestExecutionListener@7802c472, org.springframework.boot.test.autoconfigure.webservices.client.MockWebServiceServerTestExecutionListener@47db257c, org.springframework.boot.test.mock.mockito.ResetMocksTestExecutionListener@216f582f]
18:27:43.155 [Test worker] DEBUG org.springframework.test.context.support.AbstractDirtiesContextTestExecutionListener - Before test class: context [DefaultTestContext@2ea628dc testClass = HelloControllerTest, testInstance = [null], testMethod = [null], testException = [null], mergedContextConfiguration = [WebMergedContextConfiguration@7827cbf0 testClass = HelloControllerTest, locations = '{}', classes = '{class com.springboot.aws.webservice.Application}', contextInitializerClasses = '[]', activeProfiles = '{}', propertySourceLocations = '{}', propertySourceProperties = '{org.springframework.boot.test.autoconfigure.web.servlet.WebMvcTestContextBootstrapper=true}', contextCustomizers = set[org.springframework.boot.test.autoconfigure.OverrideAutoConfigurationContextCustomizerFactory$DisableAutoConfigurationContextCustomizer@16767996, org.springframework.boot.test.autoconfigure.actuate.metrics.MetricsExportContextCustomizerFactory$DisableMetricExportContextCustomizer@1dff196c, org.springframework.boot.test.autoconfigure.filter.TypeExcludeFiltersContextCustomizer@6e7ed3da, org.springframework.boot.test.autoconfigure.properties.PropertyMappingContextCustomizer@35544a10, org.springframework.boot.test.autoconfigure.web.servlet.WebDriverContextCustomizerFactory$Customizer@7501a92c, [ImportsContextCustomizer@12a983e9 key = [org.springframework.boot.autoconfigure.cache.CacheAutoConfiguration, org.springframework.boot.autoconfigure.context.MessageSourceAutoConfiguration, org.springframework.boot.autoconfigure.data.web.SpringDataWebAutoConfiguration, org.springframework.boot.autoconfigure.freemarker.FreeMarkerAutoConfiguration, org.springframework.boot.autoconfigure.groovy.template.GroovyTemplateAutoConfiguration, org.springframework.boot.autoconfigure.gson.GsonAutoConfiguration, org.springframework.boot.autoconfigure.hateoas.HypermediaAutoConfiguration, org.springframework.boot.autoconfigure.http.HttpMessageConvertersAutoConfiguration, org.springframework.boot.autoconfigure.jackson.JacksonAutoConfiguration, org.springframework.boot.autoconfigure.jsonb.JsonbAutoConfiguration, org.springframework.boot.autoconfigure.mustache.MustacheAutoConfiguration, org.springframework.boot.autoconfigure.task.TaskExecutionAutoConfiguration, org.springframework.boot.autoconfigure.thymeleaf.ThymeleafAutoConfiguration, org.springframework.boot.autoconfigure.validation.ValidationAutoConfiguration, org.springframework.boot.autoconfigure.web.servlet.error.ErrorMvcAutoConfiguration, org.springframework.boot.autoconfigure.web.servlet.HttpEncodingAutoConfiguration, org.springframework.boot.autoconfigure.web.servlet.WebMvcAutoConfiguration, org.springframework.boot.test.autoconfigure.web.servlet.MockMvcAutoConfiguration, org.springframework.boot.test.autoconfigure.web.servlet.MockMvcWebClientAutoConfiguration, org.springframework.boot.test.autoconfigure.web.servlet.MockMvcWebDriverAutoConfiguration, org.springframework.boot.autoconfigure.security.oauth2.client.servlet.OAuth2ClientAutoConfiguration, org.springframework.boot.autoconfigure.security.oauth2.resource.servlet.OAuth2ResourceServerAutoConfiguration, org.springframework.boot.autoconfigure.security.servlet.SecurityAutoConfiguration, org.springframework.boot.autoconfigure.security.servlet.SecurityFilterAutoConfiguration, org.springframework.boot.autoconfigure.security.servlet.UserDetailsServiceAutoConfiguration, org.springframework.boot.test.autoconfigure.web.servlet.MockMvcSecurityConfiguration]], org.springframework.boot.test.context.filter.ExcludeFilterContextCustomizer@21fe085, org.springframework.boot.test.json.DuplicateJsonObjectContextCustomizerFactory$DuplicateJsonObjectContextCustomizer@140a1aa3, org.springframework.boot.test.mock.mockito.MockitoContextCustomizer@0, org.springframework.boot.test.context.SpringBootTestArgs@1, org.springframework.boot.test.context.SpringBootTestWebEnvironment@0], resourceBasePath = 'src/main/webapp', contextLoader = 'org.springframework.boot.test.context.SpringBootContextLoader', parent = [null]], attributes = map[[empty]]], class annotated with @DirtiesContext [false] with mode [null].
18:27:43.180 [Test worker] DEBUG org.springframework.test.context.support.DependencyInjectionTestExecutionListener - Performing dependency injection for test context [[DefaultTestContext@2ea628dc testClass = HelloControllerTest, testInstance = com.springboot.aws.webservice.web.HelloControllerTest@539765bb, testMethod = [null], testException = [null], mergedContextConfiguration = [WebMergedContextConfiguration@7827cbf0 testClass = HelloControllerTest, locations = '{}', classes = '{class com.springboot.aws.webservice.Application}', contextInitializerClasses = '[]', activeProfiles = '{}', propertySourceLocations = '{}', propertySourceProperties = '{org.springframework.boot.test.autoconfigure.web.servlet.WebMvcTestContextBootstrapper=true}', contextCustomizers = set[org.springframework.boot.test.autoconfigure.OverrideAutoConfigurationContextCustomizerFactory$DisableAutoConfigurationContextCustomizer@16767996, org.springframework.boot.test.autoconfigure.actuate.metrics.MetricsExportContextCustomizerFactory$DisableMetricExportContextCustomizer@1dff196c, org.springframework.boot.test.autoconfigure.filter.TypeExcludeFiltersContextCustomizer@6e7ed3da, org.springframework.boot.test.autoconfigure.properties.PropertyMappingContextCustomizer@35544a10, org.springframework.boot.test.autoconfigure.web.servlet.WebDriverContextCustomizerFactory$Customizer@7501a92c, [ImportsContextCustomizer@12a983e9 key = [org.springframework.boot.autoconfigure.cache.CacheAutoConfiguration, org.springframework.boot.autoconfigure.context.MessageSourceAutoConfiguration, org.springframework.boot.autoconfigure.data.web.SpringDataWebAutoConfiguration, org.springframework.boot.autoconfigure.freemarker.FreeMarkerAutoConfiguration, org.springframework.boot.autoconfigure.groovy.template.GroovyTemplateAutoConfiguration, org.springframework.boot.autoconfigure.gson.GsonAutoConfiguration, org.springframework.boot.autoconfigure.hateoas.HypermediaAutoConfiguration, org.springframework.boot.autoconfigure.http.HttpMessageConvertersAutoConfiguration, org.springframework.boot.autoconfigure.jackson.JacksonAutoConfiguration, org.springframework.boot.autoconfigure.jsonb.JsonbAutoConfiguration, org.springframework.boot.autoconfigure.mustache.MustacheAutoConfiguration, org.springframework.boot.autoconfigure.task.TaskExecutionAutoConfiguration, org.springframework.boot.autoconfigure.thymeleaf.ThymeleafAutoConfiguration, org.springframework.boot.autoconfigure.validation.ValidationAutoConfiguration, org.springframework.boot.autoconfigure.web.servlet.error.ErrorMvcAutoConfiguration, org.springframework.boot.autoconfigure.web.servlet.HttpEncodingAutoConfiguration, org.springframework.boot.autoconfigure.web.servlet.WebMvcAutoConfiguration, org.springframework.boot.test.autoconfigure.web.servlet.MockMvcAutoConfiguration, org.springframework.boot.test.autoconfigure.web.servlet.MockMvcWebClientAutoConfiguration, org.springframework.boot.test.autoconfigure.web.servlet.MockMvcWebDriverAutoConfiguration, org.springframework.boot.autoconfigure.security.oauth2.client.servlet.OAuth2ClientAutoConfiguration, org.springframework.boot.autoconfigure.security.oauth2.resource.servlet.OAuth2ResourceServerAutoConfiguration, org.springframework.boot.autoconfigure.security.servlet.SecurityAutoConfiguration, org.springframework.boot.autoconfigure.security.servlet.SecurityFilterAutoConfiguration, org.springframework.boot.autoconfigure.security.servlet.UserDetailsServiceAutoConfiguration, org.springframework.boot.test.autoconfigure.web.servlet.MockMvcSecurityConfiguration]], org.springframework.boot.test.context.filter.ExcludeFilterContextCustomizer@21fe085, org.springframework.boot.test.json.DuplicateJsonObjectContextCustomizerFactory$DuplicateJsonObjectContextCustomizer@140a1aa3, org.springframework.boot.test.mock.mockito.MockitoContextCustomizer@0, org.springframework.boot.test.context.SpringBootTestArgs@1, org.springframework.boot.test.context.SpringBootTestWebEnvironment@0], resourceBasePath = 'src/main/webapp', contextLoader = 'org.springframework.boot.test.context.SpringBootContextLoader', parent = [null]], attributes = map['org.springframework.test.context.event.ApplicationEventsTestExecutionListener.recordApplicationEvents' -> false]]].
18:27:43.263 [Test worker] DEBUG org.springframework.test.context.support.TestPropertySourceUtils - Adding inlined properties to environment: {spring.jmx.enabled=false, org.springframework.boot.test.autoconfigure.web.servlet.WebMvcTestContextBootstrapper=true}

  .   ____          _            __ _ _
 /\\ / ___'_ __ _ _(_)_ __  __ _ \ \ \ \
( ( )\___ | '_ | '_| | '_ \/ _` | \ \ \ \
 \\/  ___)| |_)| | | | | || (_| |  ) ) ) )
  '  |____| .__|_| |_|_| |_\__, | / / / /
 =========|_|==============|___/=/_/_/_/
 :: Spring Boot ::                (v2.5.5)

2021-12-09 18:27:44.095  INFO 14360 --- [    Test worker] c.s.a.w.web.HelloControllerTest          : Starting HelloControllerTest using Java 11.0.1 on EliteBook1050G1 with PID 14360 (started by jcy00 in C:\Learning\Java\spring)
2021-12-09 18:27:44.098  INFO 14360 --- [    Test worker] c.s.a.w.web.HelloControllerTest          : No active profile set, falling back to default profiles: default
2021-12-09 18:27:46.566  INFO 14360 --- [    Test worker] o.s.b.a.w.s.WelcomePageHandlerMapping    : Adding welcome page template: index
2021-12-09 18:27:47.564  INFO 14360 --- [    Test worker] o.s.s.web.DefaultSecurityFilterChain     : Will secure any request with [org.springframework.security.web.context.request.async.WebAsyncManagerIntegrationFilter@31c8fb0, org.springframework.security.web.context.SecurityContextPersistenceFilter@2a741c92, org.springframework.security.web.header.HeaderWriterFilter@1e42abfb, org.springframework.security.web.csrf.CsrfFilter@66e7face, org.springframework.security.web.authentication.logout.LogoutFilter@201c762, org.springframework.security.oauth2.client.web.OAuth2AuthorizationRequestRedirectFilter@675aa572, org.springframework.security.oauth2.client.web.OAuth2AuthorizationRequestRedirectFilter@55e56603, org.springframework.security.oauth2.client.web.OAuth2LoginAuthenticationFilter@3097ade4, org.springframework.security.web.authentication.ui.DefaultLoginPageGeneratingFilter@69aec43d, org.springframework.security.web.authentication.ui.DefaultLogoutPageGeneratingFilter@17a0c942, org.springframework.security.web.savedrequest.RequestCacheAwareFilter@7cc68591, org.springframework.security.web.servletapi.SecurityContextHolderAwareRequestFilter@76082618, org.springframework.security.web.authentication.AnonymousAuthenticationFilter@679787a9, org.springframework.security.oauth2.client.web.OAuth2AuthorizationCodeGrantFilter@73b411ca, org.springframework.security.web.session.SessionManagementFilter@54c18695, org.springframework.security.web.access.ExceptionTranslationFilter@253ffda5, org.springframework.security.web.access.intercept.FilterSecurityInterceptor@67d98a1]
2021-12-09 18:27:47.810  INFO 14360 --- [    Test worker] o.s.b.t.m.w.SpringBootMockServletContext : Initializing Spring TestDispatcherServlet ''
2021-12-09 18:27:47.810  INFO 14360 --- [    Test worker] o.s.t.web.servlet.TestDispatcherServlet  : Initializing Servlet ''
2021-12-09 18:27:47.813  INFO 14360 --- [    Test worker] o.s.t.web.servlet.TestDispatcherServlet  : Completed initialization in 2 ms
2021-12-09 18:27:47.872  INFO 14360 --- [    Test worker] c.s.a.w.web.HelloControllerTest          : Started HelloControllerTest in 4.597 seconds (JVM running for 7.46)
]]></system-out>
  <system-err><![CDATA[]]></system-err>
</testsuite>
