<?xml version="1.0" encoding="UTF-8"?>
<testsuite name="com.springboot.aws.webservice.web.dto.HelloResponseDtoTest" tests="1" skipped="0" failures="0" errors="0" timestamp="2021-12-09T14:56:09" hostname="ELITEBOOK1050G1" time="0.006">
  <properties/>
  <testcase name="lombok_test()" classname="com.springboot.aws.webservice.web.dto.HelloResponseDtoTest" time="0.006"/>
  <system-out><![CDATA[]]></system-out>
  <system-err><![CDATA[]]></system-err>
</testsuite>
