<?xml version="1.0" encoding="UTF-8"?>
<testsuite name="com.springboot.aws.webservice.web.IndexControllerTest" tests="1" skipped="0" failures="0" errors="0" timestamp="2021-12-09T18:23:09" hostname="ELITEBOOK1050G1" time="0.213">
  <properties/>
  <testcase name="메인페이지_로딩()" classname="com.springboot.aws.webservice.web.IndexControllerTest" time="0.213"/>
  <system-out><![CDATA[2021-12-10 03:23:06.898  INFO 23932 --- [    Test worker] .b.t.c.SpringBootTestContextBootstrapper : Neither @ContextConfiguration nor @ContextHierarchy found for test class [com.springboot.aws.webservice.web.IndexControllerTest], using SpringBootContextLoader
2021-12-10 03:23:06.899  INFO 23932 --- [    Test worker] o.s.t.c.support.AbstractContextLoader    : Could not detect default resource locations for test class [com.springboot.aws.webservice.web.IndexControllerTest]: no resource found for suffixes {-context.xml, Context.groovy}.
2021-12-10 03:23:06.899  INFO 23932 --- [    Test worker] t.c.s.AnnotationConfigContextLoaderUtils : Could not detect default configuration classes for test class [com.springboot.aws.webservice.web.IndexControllerTest]: IndexControllerTest does not declare any static, non-private, non-final, nested classes annotated with @Configuration.
2021-12-10 03:23:06.900  INFO 23932 --- [    Test worker] .b.t.c.SpringBootTestContextBootstrapper : Found @SpringBootConfiguration com.springboot.aws.webservice.Application for test class com.springboot.aws.webservice.web.IndexControllerTest
2021-12-10 03:23:06.902  INFO 23932 --- [    Test worker] .b.t.c.SpringBootTestContextBootstrapper : Loaded default TestExecutionListener class names from location [META-INF/spring.factories]: [org.springframework.security.test.context.support.WithSecurityContextTestExecutionListener, org.springframework.security.test.context.support.ReactorContextTestExecutionListener, org.springframework.boot.test.autoconfigure.restdocs.RestDocsTestExecutionListener, org.springframework.boot.test.autoconfigure.web.client.MockRestServiceServerResetTestExecutionListener, org.springframework.boot.test.autoconfigure.web.servlet.MockMvcPrintOnlyOnFailureTestExecutionListener, org.springframework.boot.test.autoconfigure.web.servlet.WebDriverTestExecutionListener, org.springframework.boot.test.autoconfigure.webservices.client.MockWebServiceServerTestExecutionListener, org.springframework.boot.test.mock.mockito.MockitoTestExecutionListener, org.springframework.boot.test.mock.mockito.ResetMocksTestExecutionListener, org.springframework.test.context.web.ServletTestExecutionListener, org.springframework.test.context.support.DirtiesContextBeforeModesTestExecutionListener, org.springframework.test.context.event.ApplicationEventsTestExecutionListener, org.springframework.test.context.support.DependencyInjectionTestExecutionListener, org.springframework.test.context.support.DirtiesContextTestExecutionListener, org.springframework.test.context.transaction.TransactionalTestExecutionListener, org.springframework.test.context.jdbc.SqlScriptsTestExecutionListener, org.springframework.test.context.event.EventPublishingTestExecutionListener]
2021-12-10 03:23:06.903  INFO 23932 --- [    Test worker] .b.t.c.SpringBootTestContextBootstrapper : Using TestExecutionListeners: [org.springframework.test.context.web.ServletTestExecutionListener@54ecd357, org.springframework.test.context.support.DirtiesContextBeforeModesTestExecutionListener@b33848d, org.springframework.test.context.event.ApplicationEventsTestExecutionListener@2c76148, org.springframework.boot.test.mock.mockito.MockitoTestExecutionListener@10fbd510, org.springframework.boot.test.autoconfigure.SpringBootDependencyInjectionTestExecutionListener@223fca33, org.springframework.test.context.support.DirtiesContextTestExecutionListener@353f2515, org.springframework.test.context.transaction.TransactionalTestExecutionListener@c4bdfdb, org.springframework.test.context.jdbc.SqlScriptsTestExecutionListener@42d6d817, org.springframework.security.test.context.support.WithSecurityContextTestExecutionListener@1ee4fc2c, org.springframework.test.context.event.EventPublishingTestExecutionListener@52bf7568, org.springframework.security.test.context.support.ReactorContextTestExecutionListener@58dde3, org.springframework.boot.test.autoconfigure.restdocs.RestDocsTestExecutionListener@743abb9f, org.springframework.boot.test.autoconfigure.web.client.MockRestServiceServerResetTestExecutionListener@4d863ca8, org.springframework.boot.test.autoconfigure.web.servlet.MockMvcPrintOnlyOnFailureTestExecutionListener@64bb1445, org.springframework.boot.test.autoconfigure.web.servlet.WebDriverTestExecutionListener@224a6af4, org.springframework.boot.test.autoconfigure.webservices.client.MockWebServiceServerTestExecutionListener@38dcb61, org.springframework.boot.test.mock.mockito.ResetMocksTestExecutionListener@7f92d4c4]

  .   ____          _            __ _ _
 /\\ / ___'_ __ _ _(_)_ __  __ _ \ \ \ \
( ( )\___ | '_ | '_| | '_ \/ _` | \ \ \ \
 \\/  ___)| |_)| | | | | || (_| |  ) ) ) )
  '  |____| .__|_| |_|_| |_\__, | / / / /
 =========|_|==============|___/=/_/_/_/
 :: Spring Boot ::                (v2.5.5)

2021-12-10 03:23:06.952  INFO 23932 --- [    Test worker] c.s.a.w.web.IndexControllerTest          : Starting IndexControllerTest using Java 11.0.1 on EliteBook1050G1 with PID 23932 (started by jcy00 in C:\Learning\Java\spring)
2021-12-10 03:23:06.953  INFO 23932 --- [    Test worker] c.s.a.w.web.IndexControllerTest          : No active profile set, falling back to default profiles: default
2021-12-10 03:23:07.286  INFO 23932 --- [    Test worker] .s.d.r.c.RepositoryConfigurationDelegate : Bootstrapping Spring Data JPA repositories in DEFAULT mode.
2021-12-10 03:23:07.342  INFO 23932 --- [    Test worker] .s.d.r.c.RepositoryConfigurationDelegate : Finished Spring Data repository scanning in 55 ms. Found 2 JPA repository interfaces.
2021-12-10 03:23:07.755  INFO 23932 --- [    Test worker] o.s.b.w.embedded.tomcat.TomcatWebServer  : Tomcat initialized with port(s): 0 (http)
2021-12-10 03:23:07.772  INFO 23932 --- [    Test worker] o.apache.catalina.core.StandardService   : Starting service [Tomcat]
2021-12-10 03:23:07.772  INFO 23932 --- [    Test worker] org.apache.catalina.core.StandardEngine  : Starting Servlet engine: [Apache Tomcat/9.0.53]
2021-12-10 03:23:08.013  INFO 23932 --- [    Test worker] o.a.c.c.C.[Tomcat].[localhost].[/]       : Initializing Spring embedded WebApplicationContext
2021-12-10 03:23:08.013  INFO 23932 --- [    Test worker] w.s.c.ServletWebServerApplicationContext : Root WebApplicationContext: initialization completed in 1056 ms
2021-12-10 03:23:08.051  INFO 23932 --- [    Test worker] com.zaxxer.hikari.HikariDataSource       : HikariPool-2 - Starting...
2021-12-10 03:23:08.053  INFO 23932 --- [    Test worker] com.zaxxer.hikari.HikariDataSource       : HikariPool-2 - Start completed.
2021-12-10 03:23:08.053  INFO 23932 --- [    Test worker] o.s.b.a.h2.H2ConsoleAutoConfiguration    : H2 console available at '/h2-console'. Database available at 'jdbc:h2:mem:eb618a2a-2ed0-4677-a3ec-34d7d188eba9'
2021-12-10 03:23:08.308  INFO 23932 --- [    Test worker] o.hibernate.jpa.internal.util.LogHelper  : HHH000204: Processing PersistenceUnitInfo [name: default]
2021-12-10 03:23:08.334  INFO 23932 --- [    Test worker] org.hibernate.dialect.Dialect            : HHH000400: Using dialect: org.hibernate.dialect.H2Dialect
Hibernate: drop table if exists posts CASCADE 
Hibernate: drop table if exists user CASCADE 
Hibernate: create table posts (id bigint generated by default as identity, created_date timestamp not null, modified_date timestamp not null, author varchar(255), content Text not null, title varchar(500) not null, primary key (id))
Hibernate: create table user (id bigint generated by default as identity, created_date timestamp not null, modified_date timestamp not null, email varchar(255) not null, name varchar(255) not null, picture varchar(255), role varchar(255) not null, primary key (id))
2021-12-10 03:23:08.404  INFO 23932 --- [    Test worker] o.h.e.t.j.p.i.JtaPlatformInitiator       : HHH000490: Using JtaPlatform implementation: [org.hibernate.engine.transaction.jta.platform.internal.NoJtaPlatform]
2021-12-10 03:23:08.405  INFO 23932 --- [    Test worker] j.LocalContainerEntityManagerFactoryBean : Initialized JPA EntityManagerFactory for persistence unit 'default'
2021-12-10 03:23:08.715  WARN 23932 --- [    Test worker] JpaBaseConfiguration$JpaWebConfiguration : spring.jpa.open-in-view is enabled by default. Therefore, database queries may be performed during view rendering. Explicitly configure spring.jpa.open-in-view to disable this warning
2021-12-10 03:23:09.047  INFO 23932 --- [    Test worker] o.s.s.web.DefaultSecurityFilterChain     : Will secure any request with [org.springframework.security.web.context.request.async.WebAsyncManagerIntegrationFilter@5cf62d21, org.springframework.security.web.context.SecurityContextPersistenceFilter@6d951f02, org.springframework.security.web.header.HeaderWriterFilter@7e5324d0, org.springframework.security.web.authentication.logout.LogoutFilter@7a3462f3, org.springframework.security.oauth2.client.web.OAuth2AuthorizationRequestRedirectFilter@44cf6c98, org.springframework.security.oauth2.client.web.OAuth2LoginAuthenticationFilter@3e0c8995, org.springframework.security.web.authentication.ui.DefaultLoginPageGeneratingFilter@34832cad, org.springframework.security.web.authentication.ui.DefaultLogoutPageGeneratingFilter@2184fe0b, org.springframework.security.web.savedrequest.RequestCacheAwareFilter@3f968046, org.springframework.security.web.servletapi.SecurityContextHolderAwareRequestFilter@588446c0, org.springframework.security.web.authentication.AnonymousAuthenticationFilter@1e90fd0f, org.springframework.security.web.session.SessionManagementFilter@2d782267, org.springframework.security.web.access.ExceptionTranslationFilter@1588fb25, org.springframework.security.web.access.intercept.FilterSecurityInterceptor@5b74cf63]
2021-12-10 03:23:09.282  INFO 23932 --- [    Test worker] o.s.b.a.w.s.WelcomePageHandlerMapping    : Adding welcome page template: index
2021-12-10 03:23:09.587  INFO 23932 --- [    Test worker] o.s.b.w.embedded.tomcat.TomcatWebServer  : Tomcat started on port(s): 61328 (http) with context path ''
2021-12-10 03:23:09.590  INFO 23932 --- [    Test worker] s.a.ScheduledAnnotationBeanPostProcessor : No TaskScheduler/ScheduledExecutorService bean found for scheduled processing
2021-12-10 03:23:09.591  INFO 23932 --- [    Test worker] c.s.a.w.web.IndexControllerTest          : Started IndexControllerTest in 2.686 seconds (JVM running for 14.971)
2021-12-10 03:23:09.706  INFO 23932 --- [o-auto-1-exec-1] o.a.c.c.C.[Tomcat].[localhost].[/]       : Initializing Spring DispatcherServlet 'dispatcherServlet'
2021-12-10 03:23:09.707  INFO 23932 --- [o-auto-1-exec-1] o.s.web.servlet.DispatcherServlet        : Initializing Servlet 'dispatcherServlet'
2021-12-10 03:23:09.708  INFO 23932 --- [o-auto-1-exec-1] o.s.web.servlet.DispatcherServlet        : Completed initialization in 1 ms
Hibernate: select posts0_.id as id1_0_, posts0_.created_date as created_2_0_, posts0_.modified_date as modified3_0_, posts0_.author as author4_0_, posts0_.content as content5_0_, posts0_.title as title6_0_ from posts posts0_ order by posts0_.id DESC
]]></system-out>
  <system-err><![CDATA[]]></system-err>
</testsuite>
