<?xml version="1.0" encoding="UTF-8"?>
<testsuite name="com.springboot.aws.webservice.web.domain.posts.PostsRepositoryTest" tests="2" skipped="0" failures="0" errors="0" timestamp="2021-12-09T14:56:08" hostname="ELITEBOOK1050G1" time="0.512">
  <properties/>
  <testcase name="게시글저장_불러오기()" classname="com.springboot.aws.webservice.web.domain.posts.PostsRepositoryTest" time="0.487"/>
  <testcase name="BaseTimeEntity_등록()" classname="com.springboot.aws.webservice.web.domain.posts.PostsRepositoryTest" time="0.024"/>
  <system-out><![CDATA[23:55:58.565 [Test worker] DEBUG org.springframework.test.context.BootstrapUtils - Instantiating CacheAwareContextLoaderDelegate from class [org.springframework.test.context.cache.DefaultCacheAwareContextLoaderDelegate]
23:55:58.597 [Test worker] DEBUG org.springframework.test.context.BootstrapUtils - Instantiating BootstrapContext using constructor [public org.springframework.test.context.support.DefaultBootstrapContext(java.lang.Class,org.springframework.test.context.CacheAwareContextLoaderDelegate)]
23:55:58.643 [Test worker] DEBUG org.springframework.test.context.BootstrapUtils - Instantiating TestContextBootstrapper for test class [com.springboot.aws.webservice.web.domain.posts.PostsRepositoryTest] from class [org.springframework.boot.test.context.SpringBootTestContextBootstrapper]
23:55:58.675 [Test worker] INFO org.springframework.boot.test.context.SpringBootTestContextBootstrapper - Neither @ContextConfiguration nor @ContextHierarchy found for test class [com.springboot.aws.webservice.web.domain.posts.PostsRepositoryTest], using SpringBootContextLoader
23:55:58.675 [Test worker] DEBUG org.springframework.test.context.support.AbstractContextLoader - Did not detect default resource location for test class [com.springboot.aws.webservice.web.domain.posts.PostsRepositoryTest]: class path resource [com/springboot/aws/webservice/web/domain/posts/PostsRepositoryTest-context.xml] does not exist
23:55:58.675 [Test worker] DEBUG org.springframework.test.context.support.AbstractContextLoader - Did not detect default resource location for test class [com.springboot.aws.webservice.web.domain.posts.PostsRepositoryTest]: class path resource [com/springboot/aws/webservice/web/domain/posts/PostsRepositoryTestContext.groovy] does not exist
23:55:58.675 [Test worker] INFO org.springframework.test.context.support.AbstractContextLoader - Could not detect default resource locations for test class [com.springboot.aws.webservice.web.domain.posts.PostsRepositoryTest]: no resource found for suffixes {-context.xml, Context.groovy}.
23:55:58.675 [Test worker] INFO org.springframework.test.context.support.AnnotationConfigContextLoaderUtils - Could not detect default configuration classes for test class [com.springboot.aws.webservice.web.domain.posts.PostsRepositoryTest]: PostsRepositoryTest does not declare any static, non-private, non-final, nested classes annotated with @Configuration.
23:55:58.753 [Test worker] DEBUG org.springframework.test.context.support.ActiveProfilesUtils - Could not find an 'annotation declaring class' for annotation type [org.springframework.test.context.ActiveProfiles] and class [com.springboot.aws.webservice.web.domain.posts.PostsRepositoryTest]
23:55:58.893 [Test worker] DEBUG org.springframework.context.annotation.ClassPathScanningCandidateComponentProvider - Identified candidate component class: file [C:\Learning\Java\spring\build\classes\java\main\com\springboot\aws\webservice\Application.class]
23:55:58.893 [Test worker] INFO org.springframework.boot.test.context.SpringBootTestContextBootstrapper - Found @SpringBootConfiguration com.springboot.aws.webservice.Application for test class com.springboot.aws.webservice.web.domain.posts.PostsRepositoryTest
23:55:59.128 [Test worker] DEBUG org.springframework.boot.test.context.SpringBootTestContextBootstrapper - @TestExecutionListeners is not present for class [com.springboot.aws.webservice.web.domain.posts.PostsRepositoryTest]: using defaults.
23:55:59.128 [Test worker] INFO org.springframework.boot.test.context.SpringBootTestContextBootstrapper - Loaded default TestExecutionListener class names from location [META-INF/spring.factories]: [org.springframework.security.test.context.support.WithSecurityContextTestExecutionListener, org.springframework.security.test.context.support.ReactorContextTestExecutionListener, org.springframework.boot.test.autoconfigure.restdocs.RestDocsTestExecutionListener, org.springframework.boot.test.autoconfigure.web.client.MockRestServiceServerResetTestExecutionListener, org.springframework.boot.test.autoconfigure.web.servlet.MockMvcPrintOnlyOnFailureTestExecutionListener, org.springframework.boot.test.autoconfigure.web.servlet.WebDriverTestExecutionListener, org.springframework.boot.test.autoconfigure.webservices.client.MockWebServiceServerTestExecutionListener, org.springframework.boot.test.mock.mockito.MockitoTestExecutionListener, org.springframework.boot.test.mock.mockito.ResetMocksTestExecutionListener, org.springframework.test.context.web.ServletTestExecutionListener, org.springframework.test.context.support.DirtiesContextBeforeModesTestExecutionListener, org.springframework.test.context.event.ApplicationEventsTestExecutionListener, org.springframework.test.context.support.DependencyInjectionTestExecutionListener, org.springframework.test.context.support.DirtiesContextTestExecutionListener, org.springframework.test.context.transaction.TransactionalTestExecutionListener, org.springframework.test.context.jdbc.SqlScriptsTestExecutionListener, org.springframework.test.context.event.EventPublishingTestExecutionListener]
23:55:59.159 [Test worker] INFO org.springframework.boot.test.context.SpringBootTestContextBootstrapper - Using TestExecutionListeners: [org.springframework.test.context.web.ServletTestExecutionListener@1f6cc0e1, org.springframework.test.context.support.DirtiesContextBeforeModesTestExecutionListener@afdeb06, org.springframework.test.context.event.ApplicationEventsTestExecutionListener@47f28f8a, org.springframework.boot.test.mock.mockito.MockitoTestExecutionListener@84a87fe, org.springframework.boot.test.autoconfigure.SpringBootDependencyInjectionTestExecutionListener@715825de, org.springframework.test.context.support.DirtiesContextTestExecutionListener@14185528, org.springframework.test.context.transaction.TransactionalTestExecutionListener@47c516fe, org.springframework.test.context.jdbc.SqlScriptsTestExecutionListener@1bec0c8f, org.springframework.security.test.context.support.WithSecurityContextTestExecutionListener@2b2abcf9, org.springframework.test.context.event.EventPublishingTestExecutionListener@7dcd1da1, org.springframework.security.test.context.support.ReactorContextTestExecutionListener@12508600, org.springframework.boot.test.autoconfigure.restdocs.RestDocsTestExecutionListener@692368b1, org.springframework.boot.test.autoconfigure.web.client.MockRestServiceServerResetTestExecutionListener@1790dc18, org.springframework.boot.test.autoconfigure.web.servlet.MockMvcPrintOnlyOnFailureTestExecutionListener@2a5eb5e, org.springframework.boot.test.autoconfigure.web.servlet.WebDriverTestExecutionListener@14d30d8c, org.springframework.boot.test.autoconfigure.webservices.client.MockWebServiceServerTestExecutionListener@66c78947, org.springframework.boot.test.mock.mockito.ResetMocksTestExecutionListener@7726e99b]
23:55:59.175 [Test worker] DEBUG org.springframework.test.context.support.AbstractDirtiesContextTestExecutionListener - Before test class: context [DefaultTestContext@10c9cdad testClass = PostsRepositoryTest, testInstance = [null], testMethod = [null], testException = [null], mergedContextConfiguration = [WebMergedContextConfiguration@39a93193 testClass = PostsRepositoryTest, locations = '{}', classes = '{class com.springboot.aws.webservice.Application}', contextInitializerClasses = '[]', activeProfiles = '{}', propertySourceLocations = '{}', propertySourceProperties = '{org.springframework.boot.test.context.SpringBootTestContextBootstrapper=true}', contextCustomizers = set[org.springframework.boot.test.autoconfigure.actuate.metrics.MetricsExportContextCustomizerFactory$DisableMetricExportContextCustomizer@702c0c76, org.springframework.boot.test.autoconfigure.properties.PropertyMappingContextCustomizer@0, org.springframework.boot.test.autoconfigure.web.servlet.WebDriverContextCustomizerFactory$Customizer@58880692, org.springframework.boot.test.context.filter.ExcludeFilterContextCustomizer@7ba07636, org.springframework.boot.test.json.DuplicateJsonObjectContextCustomizerFactory$DuplicateJsonObjectContextCustomizer@2f88b22e, org.springframework.boot.test.mock.mockito.MockitoContextCustomizer@0, org.springframework.boot.test.web.client.TestRestTemplateContextCustomizer@1d1051ca, org.springframework.boot.test.context.SpringBootTestArgs@1, org.springframework.boot.test.context.SpringBootTestWebEnvironment@2124a6d2], resourceBasePath = 'src/main/webapp', contextLoader = 'org.springframework.boot.test.context.SpringBootContextLoader', parent = [null]], attributes = map['org.springframework.test.context.web.ServletTestExecutionListener.activateListener' -> true]], class annotated with @DirtiesContext [false] with mode [null].
23:55:59.237 [Test worker] DEBUG org.springframework.test.context.support.TestPropertySourceUtils - Adding inlined properties to environment: {spring.jmx.enabled=false, org.springframework.boot.test.context.SpringBootTestContextBootstrapper=true}

  .   ____          _            __ _ _
 /\\ / ___'_ __ _ _(_)_ __  __ _ \ \ \ \
( ( )\___ | '_ | '_| | '_ \/ _` | \ \ \ \
 \\/  ___)| |_)| | | | | || (_| |  ) ) ) )
  '  |____| .__|_| |_|_| |_\__, | / / / /
 =========|_|==============|___/=/_/_/_/
 :: Spring Boot ::                (v2.5.5)

2021-12-09 23:55:59.784  INFO 17340 --- [    Test worker] c.s.a.w.w.d.posts.PostsRepositoryTest    : Starting PostsRepositoryTest using Java 11.0.1 on EliteBook1050G1 with PID 17340 (started by jcy00 in C:\Learning\Java\spring)
2021-12-09 23:55:59.784  INFO 17340 --- [    Test worker] c.s.a.w.w.d.posts.PostsRepositoryTest    : No active profile set, falling back to default profiles: default
2021-12-09 23:56:01.143  INFO 17340 --- [    Test worker] .s.d.r.c.RepositoryConfigurationDelegate : Bootstrapping Spring Data JPA repositories in DEFAULT mode.
2021-12-09 23:56:01.268  INFO 17340 --- [    Test worker] .s.d.r.c.RepositoryConfigurationDelegate : Finished Spring Data repository scanning in 116 ms. Found 2 JPA repository interfaces.
2021-12-09 23:56:02.252  INFO 17340 --- [    Test worker] com.zaxxer.hikari.HikariDataSource       : HikariPool-1 - Starting...
2021-12-09 23:56:02.627  INFO 17340 --- [    Test worker] com.zaxxer.hikari.HikariDataSource       : HikariPool-1 - Start completed.
2021-12-09 23:56:03.017  INFO 17340 --- [    Test worker] o.hibernate.jpa.internal.util.LogHelper  : HHH000204: Processing PersistenceUnitInfo [name: default]
2021-12-09 23:56:03.158  INFO 17340 --- [    Test worker] org.hibernate.Version                    : HHH000412: Hibernate ORM core version 5.4.32.Final
2021-12-09 23:56:03.533  INFO 17340 --- [    Test worker] o.hibernate.annotations.common.Version   : HCANN000001: Hibernate Commons Annotations {5.1.2.Final}
2021-12-09 23:56:03.814  INFO 17340 --- [    Test worker] org.hibernate.dialect.Dialect            : HHH000400: Using dialect: org.hibernate.dialect.H2Dialect
Hibernate: drop table if exists posts CASCADE 
Hibernate: drop table if exists user CASCADE 
Hibernate: create table posts (id bigint generated by default as identity, created_date timestamp not null, modified_date timestamp not null, author varchar(255), content Text not null, title varchar(500) not null, primary key (id))
Hibernate: create table user (id bigint generated by default as identity, created_date timestamp not null, modified_date timestamp not null, email varchar(255) not null, name varchar(255) not null, picture varchar(255), role varchar(255) not null, primary key (id))
2021-12-09 23:56:05.111  INFO 17340 --- [    Test worker] o.h.e.t.j.p.i.JtaPlatformInitiator       : HHH000490: Using JtaPlatform implementation: [org.hibernate.engine.transaction.jta.platform.internal.NoJtaPlatform]
2021-12-09 23:56:05.142  INFO 17340 --- [    Test worker] j.LocalContainerEntityManagerFactoryBean : Initialized JPA EntityManagerFactory for persistence unit 'default'
2021-12-09 23:56:06.064  WARN 17340 --- [    Test worker] JpaBaseConfiguration$JpaWebConfiguration : spring.jpa.open-in-view is enabled by default. Therefore, database queries may be performed during view rendering. Explicitly configure spring.jpa.open-in-view to disable this warning
2021-12-09 23:56:07.095  INFO 17340 --- [    Test worker] o.s.s.web.DefaultSecurityFilterChain     : Will secure any request with [org.springframework.security.web.context.request.async.WebAsyncManagerIntegrationFilter@405d8f01, org.springframework.security.web.context.SecurityContextPersistenceFilter@24ded918, org.springframework.security.web.header.HeaderWriterFilter@71cbc632, org.springframework.security.web.authentication.logout.LogoutFilter@1e25836e, org.springframework.security.oauth2.client.web.OAuth2AuthorizationRequestRedirectFilter@7b767612, org.springframework.security.oauth2.client.web.OAuth2LoginAuthenticationFilter@6af53401, org.springframework.security.web.authentication.ui.DefaultLoginPageGeneratingFilter@43a037d4, org.springframework.security.web.authentication.ui.DefaultLogoutPageGeneratingFilter@2b2bdb68, org.springframework.security.web.savedrequest.RequestCacheAwareFilter@633b7f7b, org.springframework.security.web.servletapi.SecurityContextHolderAwareRequestFilter@2a232a65, org.springframework.security.web.authentication.AnonymousAuthenticationFilter@5966f5fb, org.springframework.security.web.session.SessionManagementFilter@3f791c0a, org.springframework.security.web.access.ExceptionTranslationFilter@4c2a1d33, org.springframework.security.web.access.intercept.FilterSecurityInterceptor@5fc51f1a]
2021-12-09 23:56:07.985  INFO 17340 --- [    Test worker] o.s.b.a.h2.H2ConsoleAutoConfiguration    : H2 console available at '/h2-console'. Database available at 'jdbc:h2:mem:9066677b-6b40-4aad-bac6-766d11ead5d5'
2021-12-09 23:56:08.110  INFO 17340 --- [    Test worker] o.s.b.a.w.s.WelcomePageHandlerMapping    : Adding welcome page template: index
2021-12-09 23:56:08.813  INFO 17340 --- [    Test worker] s.a.ScheduledAnnotationBeanPostProcessor : No TaskScheduler/ScheduledExecutorService bean found for scheduled processing
2021-12-09 23:56:08.844  INFO 17340 --- [    Test worker] c.s.a.w.w.d.posts.PostsRepositoryTest    : Started PostsRepositoryTest in 9.587 seconds (JVM running for 12.178)
Hibernate: insert into posts (id, created_date, modified_date, author, content, title) values (null, ?, ?, ?, ?, ?)
Hibernate: select posts0_.id as id1_0_, posts0_.created_date as created_2_0_, posts0_.modified_date as modified3_0_, posts0_.author as author4_0_, posts0_.content as content5_0_, posts0_.title as title6_0_ from posts posts0_
Hibernate: select posts0_.id as id1_0_, posts0_.created_date as created_2_0_, posts0_.modified_date as modified3_0_, posts0_.author as author4_0_, posts0_.content as content5_0_, posts0_.title as title6_0_ from posts posts0_
Hibernate: delete from posts where id=?
Hibernate: insert into posts (id, created_date, modified_date, author, content, title) values (null, ?, ?, ?, ?, ?)
Hibernate: select posts0_.id as id1_0_, posts0_.created_date as created_2_0_, posts0_.modified_date as modified3_0_, posts0_.author as author4_0_, posts0_.content as content5_0_, posts0_.title as title6_0_ from posts posts0_
>>>>>>>>> createDate=2021-12-09T23:56:09.360176, modifiedDate=2021-12-09T23:56:09.360176
Hibernate: select posts0_.id as id1_0_, posts0_.created_date as created_2_0_, posts0_.modified_date as modified3_0_, posts0_.author as author4_0_, posts0_.content as content5_0_, posts0_.title as title6_0_ from posts posts0_
Hibernate: delete from posts where id=?
]]></system-out>
  <system-err><![CDATA[]]></system-err>
</testsuite>
