<?xml version="1.0" encoding="UTF-8"?>
<testsuite name="com.springboot.aws.webservice.web.HelloControllerTest" tests="2" skipped="0" failures="0" errors="0" timestamp="2021-12-09T14:56:10" hostname="ELITEBOOK1050G1" time="0.263">
  <properties/>
  <testcase name="returns_helloDto()" classname="com.springboot.aws.webservice.web.HelloControllerTest" time="0.252"/>
  <testcase name="returns_hello()" classname="com.springboot.aws.webservice.web.HelloControllerTest" time="0.01"/>
  <system-out><![CDATA[2021-12-09 23:56:09.407  INFO 17340 --- [    Test worker] .b.t.a.w.s.WebMvcTestContextBootstrapper : Neither @ContextConfiguration nor @ContextHierarchy found for test class [com.springboot.aws.webservice.web.HelloControllerTest], using SpringBootContextLoader
2021-12-09 23:56:09.407  INFO 17340 --- [    Test worker] o.s.t.c.support.AbstractContextLoader    : Could not detect default resource locations for test class [com.springboot.aws.webservice.web.HelloControllerTest]: no resource found for suffixes {-context.xml, Context.groovy}.
2021-12-09 23:56:09.407  INFO 17340 --- [    Test worker] t.c.s.AnnotationConfigContextLoaderUtils : Could not detect default configuration classes for test class [com.springboot.aws.webservice.web.HelloControllerTest]: HelloControllerTest does not declare any static, non-private, non-final, nested classes annotated with @Configuration.
2021-12-09 23:56:09.438  INFO 17340 --- [    Test worker] .b.t.c.SpringBootTestContextBootstrapper : Found @SpringBootConfiguration com.springboot.aws.webservice.Application for test class com.springboot.aws.webservice.web.HelloControllerTest
2021-12-09 23:56:09.438  INFO 17340 --- [    Test worker] .b.t.a.w.s.WebMvcTestContextBootstrapper : Loaded default TestExecutionListener class names from location [META-INF/spring.factories]: [org.springframework.security.test.context.support.WithSecurityContextTestExecutionListener, org.springframework.security.test.context.support.ReactorContextTestExecutionListener, org.springframework.boot.test.autoconfigure.restdocs.RestDocsTestExecutionListener, org.springframework.boot.test.autoconfigure.web.client.MockRestServiceServerResetTestExecutionListener, org.springframework.boot.test.autoconfigure.web.servlet.MockMvcPrintOnlyOnFailureTestExecutionListener, org.springframework.boot.test.autoconfigure.web.servlet.WebDriverTestExecutionListener, org.springframework.boot.test.autoconfigure.webservices.client.MockWebServiceServerTestExecutionListener, org.springframework.boot.test.mock.mockito.MockitoTestExecutionListener, org.springframework.boot.test.mock.mockito.ResetMocksTestExecutionListener, org.springframework.test.context.web.ServletTestExecutionListener, org.springframework.test.context.support.DirtiesContextBeforeModesTestExecutionListener, org.springframework.test.context.event.ApplicationEventsTestExecutionListener, org.springframework.test.context.support.DependencyInjectionTestExecutionListener, org.springframework.test.context.support.DirtiesContextTestExecutionListener, org.springframework.test.context.transaction.TransactionalTestExecutionListener, org.springframework.test.context.jdbc.SqlScriptsTestExecutionListener, org.springframework.test.context.event.EventPublishingTestExecutionListener]
2021-12-09 23:56:09.438  INFO 17340 --- [    Test worker] .b.t.a.w.s.WebMvcTestContextBootstrapper : Using TestExecutionListeners: [org.springframework.test.context.web.ServletTestExecutionListener@176ff709, org.springframework.test.context.support.DirtiesContextBeforeModesTestExecutionListener@5aa67c76, org.springframework.test.context.event.ApplicationEventsTestExecutionListener@7c9e46c5, org.springframework.boot.test.mock.mockito.MockitoTestExecutionListener@5a6f3a1d, org.springframework.boot.test.autoconfigure.SpringBootDependencyInjectionTestExecutionListener@325059e6, org.springframework.test.context.support.DirtiesContextTestExecutionListener@5b7cc616, org.springframework.test.context.transaction.TransactionalTestExecutionListener@555a1bd2, org.springframework.test.context.jdbc.SqlScriptsTestExecutionListener@76c67cb6, org.springframework.security.test.context.support.WithSecurityContextTestExecutionListener@466984e1, org.springframework.test.context.event.EventPublishingTestExecutionListener@7b18b64c, org.springframework.security.test.context.support.ReactorContextTestExecutionListener@7e19b676, org.springframework.boot.test.autoconfigure.restdocs.RestDocsTestExecutionListener@3b7f46cf, org.springframework.boot.test.autoconfigure.web.client.MockRestServiceServerResetTestExecutionListener@313b93cd, org.springframework.boot.test.autoconfigure.web.servlet.MockMvcPrintOnlyOnFailureTestExecutionListener@f2ff970, org.springframework.boot.test.autoconfigure.web.servlet.WebDriverTestExecutionListener@3cb654e5, org.springframework.boot.test.autoconfigure.webservices.client.MockWebServiceServerTestExecutionListener@7dbe2482, org.springframework.boot.test.mock.mockito.ResetMocksTestExecutionListener@10767503]

  .   ____          _            __ _ _
 /\\ / ___'_ __ _ _(_)_ __  __ _ \ \ \ \
( ( )\___ | '_ | '_| | '_ \/ _` | \ \ \ \
 \\/  ___)| |_)| | | | | || (_| |  ) ) ) )
  '  |____| .__|_| |_|_| |_\__, | / / / /
 =========|_|==============|___/=/_/_/_/
 :: Spring Boot ::                (v2.5.5)

2021-12-09 23:56:09.485  INFO 17340 --- [    Test worker] c.s.a.w.web.HelloControllerTest          : Starting HelloControllerTest using Java 11.0.1 on EliteBook1050G1 with PID 17340 (started by jcy00 in C:\Learning\Java\spring)
2021-12-09 23:56:09.485  INFO 17340 --- [    Test worker] c.s.a.w.web.HelloControllerTest          : No active profile set, falling back to default profiles: default
2021-12-09 23:56:10.172  INFO 17340 --- [    Test worker] o.s.b.a.w.s.WelcomePageHandlerMapping    : Adding welcome page template: index
2021-12-09 23:56:10.734  INFO 17340 --- [    Test worker] o.s.s.web.DefaultSecurityFilterChain     : Will secure any request with [org.springframework.security.web.context.request.async.WebAsyncManagerIntegrationFilter@4b0db01d, org.springframework.security.web.context.SecurityContextPersistenceFilter@36516985, org.springframework.security.web.header.HeaderWriterFilter@4733444e, org.springframework.security.web.csrf.CsrfFilter@f391ba0, org.springframework.security.web.authentication.logout.LogoutFilter@7b026916, org.springframework.security.oauth2.client.web.OAuth2AuthorizationRequestRedirectFilter@42c9ee6a, org.springframework.security.oauth2.client.web.OAuth2AuthorizationRequestRedirectFilter@461f644a, org.springframework.security.oauth2.client.web.OAuth2LoginAuthenticationFilter@6bc2558b, org.springframework.security.web.authentication.ui.DefaultLoginPageGeneratingFilter@2c4acbb6, org.springframework.security.web.authentication.ui.DefaultLogoutPageGeneratingFilter@6b0396c7, org.springframework.security.web.savedrequest.RequestCacheAwareFilter@339b333b, org.springframework.security.web.servletapi.SecurityContextHolderAwareRequestFilter@6ed71032, org.springframework.security.web.authentication.AnonymousAuthenticationFilter@95e55be, org.springframework.security.oauth2.client.web.OAuth2AuthorizationCodeGrantFilter@5e3034e0, org.springframework.security.web.session.SessionManagementFilter@6f55b157, org.springframework.security.web.access.ExceptionTranslationFilter@90abe7, org.springframework.security.web.access.intercept.FilterSecurityInterceptor@7a757570]
2021-12-09 23:56:10.891  INFO 17340 --- [    Test worker] o.s.b.t.m.w.SpringBootMockServletContext : Initializing Spring TestDispatcherServlet ''
2021-12-09 23:56:10.891  INFO 17340 --- [    Test worker] o.s.t.web.servlet.TestDispatcherServlet  : Initializing Servlet ''
2021-12-09 23:56:10.891  INFO 17340 --- [    Test worker] o.s.t.web.servlet.TestDispatcherServlet  : Completed initialization in 0 ms
2021-12-09 23:56:10.922  INFO 17340 --- [    Test worker] c.s.a.w.web.HelloControllerTest          : Started HelloControllerTest in 1.479 seconds (JVM running for 14.254)
]]></system-out>
  <system-err><![CDATA[]]></system-err>
</testsuite>
