<?xml version="1.0" encoding="UTF-8"?>
<testsuite name="com.springboot.aws.webservice.web.HelloControllerTest" tests="2" skipped="0" failures="0" errors="0" timestamp="2021-12-09T15:48:51" hostname="ELITEBOOK1050G1" time="0.27">
  <properties/>
  <testcase name="returns_helloDto()" classname="com.springboot.aws.webservice.web.HelloControllerTest" time="0.257"/>
  <testcase name="returns_hello()" classname="com.springboot.aws.webservice.web.HelloControllerTest" time="0.012"/>
  <system-out><![CDATA[2021-12-10 00:48:50.004  INFO 2728 --- [    Test worker] .b.t.a.w.s.WebMvcTestContextBootstrapper : Neither @ContextConfiguration nor @ContextHierarchy found for test class [com.springboot.aws.webservice.web.HelloControllerTest], using SpringBootContextLoader
2021-12-10 00:48:50.004  INFO 2728 --- [    Test worker] o.s.t.c.support.AbstractContextLoader    : Could not detect default resource locations for test class [com.springboot.aws.webservice.web.HelloControllerTest]: no resource found for suffixes {-context.xml, Context.groovy}.
2021-12-10 00:48:50.004  INFO 2728 --- [    Test worker] t.c.s.AnnotationConfigContextLoaderUtils : Could not detect default configuration classes for test class [com.springboot.aws.webservice.web.HelloControllerTest]: HelloControllerTest does not declare any static, non-private, non-final, nested classes annotated with @Configuration.
2021-12-10 00:48:50.035  INFO 2728 --- [    Test worker] .b.t.c.SpringBootTestContextBootstrapper : Found @SpringBootConfiguration com.springboot.aws.webservice.Application for test class com.springboot.aws.webservice.web.HelloControllerTest
2021-12-10 00:48:50.035  INFO 2728 --- [    Test worker] .b.t.a.w.s.WebMvcTestContextBootstrapper : Loaded default TestExecutionListener class names from location [META-INF/spring.factories]: [org.springframework.security.test.context.support.WithSecurityContextTestExecutionListener, org.springframework.security.test.context.support.ReactorContextTestExecutionListener, org.springframework.boot.test.autoconfigure.restdocs.RestDocsTestExecutionListener, org.springframework.boot.test.autoconfigure.web.client.MockRestServiceServerResetTestExecutionListener, org.springframework.boot.test.autoconfigure.web.servlet.MockMvcPrintOnlyOnFailureTestExecutionListener, org.springframework.boot.test.autoconfigure.web.servlet.WebDriverTestExecutionListener, org.springframework.boot.test.autoconfigure.webservices.client.MockWebServiceServerTestExecutionListener, org.springframework.boot.test.mock.mockito.MockitoTestExecutionListener, org.springframework.boot.test.mock.mockito.ResetMocksTestExecutionListener, org.springframework.test.context.web.ServletTestExecutionListener, org.springframework.test.context.support.DirtiesContextBeforeModesTestExecutionListener, org.springframework.test.context.event.ApplicationEventsTestExecutionListener, org.springframework.test.context.support.DependencyInjectionTestExecutionListener, org.springframework.test.context.support.DirtiesContextTestExecutionListener, org.springframework.test.context.transaction.TransactionalTestExecutionListener, org.springframework.test.context.jdbc.SqlScriptsTestExecutionListener, org.springframework.test.context.event.EventPublishingTestExecutionListener]
2021-12-10 00:48:50.035  INFO 2728 --- [    Test worker] .b.t.a.w.s.WebMvcTestContextBootstrapper : Using TestExecutionListeners: [org.springframework.test.context.web.ServletTestExecutionListener@470ca979, org.springframework.test.context.support.DirtiesContextBeforeModesTestExecutionListener@7eefcf47, org.springframework.test.context.event.ApplicationEventsTestExecutionListener@486db27e, org.springframework.boot.test.mock.mockito.MockitoTestExecutionListener@16ee89e3, org.springframework.boot.test.autoconfigure.SpringBootDependencyInjectionTestExecutionListener@348bad26, org.springframework.test.context.support.DirtiesContextTestExecutionListener@341ec907, org.springframework.test.context.transaction.TransactionalTestExecutionListener@114573b8, org.springframework.test.context.jdbc.SqlScriptsTestExecutionListener@738651e2, org.springframework.security.test.context.support.WithSecurityContextTestExecutionListener@1a0d3029, org.springframework.test.context.event.EventPublishingTestExecutionListener@5899849e, org.springframework.security.test.context.support.ReactorContextTestExecutionListener@62fbe486, org.springframework.boot.test.autoconfigure.restdocs.RestDocsTestExecutionListener@2333b07a, org.springframework.boot.test.autoconfigure.web.client.MockRestServiceServerResetTestExecutionListener@504c404d, org.springframework.boot.test.autoconfigure.web.servlet.MockMvcPrintOnlyOnFailureTestExecutionListener@446593ae, org.springframework.boot.test.autoconfigure.web.servlet.WebDriverTestExecutionListener@79879070, org.springframework.boot.test.autoconfigure.webservices.client.MockWebServiceServerTestExecutionListener@47894f5a, org.springframework.boot.test.mock.mockito.ResetMocksTestExecutionListener@757531ce]

  .   ____          _            __ _ _
 /\\ / ___'_ __ _ _(_)_ __  __ _ \ \ \ \
( ( )\___ | '_ | '_| | '_ \/ _` | \ \ \ \
 \\/  ___)| |_)| | | | | || (_| |  ) ) ) )
  '  |____| .__|_| |_|_| |_\__, | / / / /
 =========|_|==============|___/=/_/_/_/
 :: Spring Boot ::                (v2.5.5)

2021-12-10 00:48:50.097  INFO 2728 --- [    Test worker] c.s.a.w.web.HelloControllerTest          : Starting HelloControllerTest using Java 11.0.1 on EliteBook1050G1 with PID 2728 (started by jcy00 in C:\Learning\Java\spring)
2021-12-10 00:48:50.097  INFO 2728 --- [    Test worker] c.s.a.w.web.HelloControllerTest          : No active profile set, falling back to default profiles: default
2021-12-10 00:48:50.675  INFO 2728 --- [    Test worker] o.s.b.a.w.s.WelcomePageHandlerMapping    : Adding welcome page template: index
2021-12-10 00:48:51.160  INFO 2728 --- [    Test worker] o.s.s.web.DefaultSecurityFilterChain     : Will secure any request with [org.springframework.security.web.context.request.async.WebAsyncManagerIntegrationFilter@280a302a, org.springframework.security.web.context.SecurityContextPersistenceFilter@478003e2, org.springframework.security.web.header.HeaderWriterFilter@36ba29c2, org.springframework.security.web.csrf.CsrfFilter@261766d1, org.springframework.security.web.authentication.logout.LogoutFilter@2399c8, org.springframework.security.oauth2.client.web.OAuth2AuthorizationRequestRedirectFilter@3db66d2d, org.springframework.security.oauth2.client.web.OAuth2AuthorizationRequestRedirectFilter@358744ee, org.springframework.security.oauth2.client.web.OAuth2LoginAuthenticationFilter@24ab785f, org.springframework.security.web.authentication.ui.DefaultLoginPageGeneratingFilter@28c2616c, org.springframework.security.web.authentication.ui.DefaultLogoutPageGeneratingFilter@4f23a74f, org.springframework.security.web.savedrequest.RequestCacheAwareFilter@5b069a04, org.springframework.security.web.servletapi.SecurityContextHolderAwareRequestFilter@3c955c9f, org.springframework.security.web.authentication.AnonymousAuthenticationFilter@60a5e55b, org.springframework.security.oauth2.client.web.OAuth2AuthorizationCodeGrantFilter@4f926e5f, org.springframework.security.web.session.SessionManagementFilter@498bb918, org.springframework.security.web.access.ExceptionTranslationFilter@2b86f38d, org.springframework.security.web.access.intercept.FilterSecurityInterceptor@9a1bb0a]
2021-12-10 00:48:51.316  INFO 2728 --- [    Test worker] o.s.b.t.m.w.SpringBootMockServletContext : Initializing Spring TestDispatcherServlet ''
2021-12-10 00:48:51.316  INFO 2728 --- [    Test worker] o.s.t.web.servlet.TestDispatcherServlet  : Initializing Servlet ''
2021-12-10 00:48:51.316  INFO 2728 --- [    Test worker] o.s.t.web.servlet.TestDispatcherServlet  : Completed initialization in 0 ms
2021-12-10 00:48:51.347  INFO 2728 --- [    Test worker] c.s.a.w.web.HelloControllerTest          : Started HelloControllerTest in 1.302 seconds (JVM running for 12.565)
]]></system-out>
  <system-err><![CDATA[]]></system-err>
</testsuite>
