<?xml version="1.0" encoding="UTF-8"?>
<testsuite name="com.springboot.aws.webservice.web.IndexControllerTest" tests="1" skipped="0" failures="0" errors="0" timestamp="2021-12-09T09:27:59" hostname="ELITEBOOK1050G1" time="0.256">
  <properties/>
  <testcase name="메인페이지_로딩()" classname="com.springboot.aws.webservice.web.IndexControllerTest" time="0.256"/>
  <system-out><![CDATA[2021-12-09 18:27:56.419  INFO 14360 --- [    Test worker] .b.t.c.SpringBootTestContextBootstrapper : Neither @ContextConfiguration nor @ContextHierarchy found for test class [com.springboot.aws.webservice.web.IndexControllerTest], using SpringBootContextLoader
2021-12-09 18:27:56.422  INFO 14360 --- [    Test worker] o.s.t.c.support.AbstractContextLoader    : Could not detect default resource locations for test class [com.springboot.aws.webservice.web.IndexControllerTest]: no resource found for suffixes {-context.xml, Context.groovy}.
2021-12-09 18:27:56.422  INFO 14360 --- [    Test worker] t.c.s.AnnotationConfigContextLoaderUtils : Could not detect default configuration classes for test class [com.springboot.aws.webservice.web.IndexControllerTest]: IndexControllerTest does not declare any static, non-private, non-final, nested classes annotated with @Configuration.
2021-12-09 18:27:56.424  INFO 14360 --- [    Test worker] .b.t.c.SpringBootTestContextBootstrapper : Found @SpringBootConfiguration com.springboot.aws.webservice.Application for test class com.springboot.aws.webservice.web.IndexControllerTest
2021-12-09 18:27:56.426  INFO 14360 --- [    Test worker] .b.t.c.SpringBootTestContextBootstrapper : Loaded default TestExecutionListener class names from location [META-INF/spring.factories]: [org.springframework.security.test.context.support.WithSecurityContextTestExecutionListener, org.springframework.security.test.context.support.ReactorContextTestExecutionListener, org.springframework.boot.test.autoconfigure.restdocs.RestDocsTestExecutionListener, org.springframework.boot.test.autoconfigure.web.client.MockRestServiceServerResetTestExecutionListener, org.springframework.boot.test.autoconfigure.web.servlet.MockMvcPrintOnlyOnFailureTestExecutionListener, org.springframework.boot.test.autoconfigure.web.servlet.WebDriverTestExecutionListener, org.springframework.boot.test.autoconfigure.webservices.client.MockWebServiceServerTestExecutionListener, org.springframework.boot.test.mock.mockito.MockitoTestExecutionListener, org.springframework.boot.test.mock.mockito.ResetMocksTestExecutionListener, org.springframework.test.context.web.ServletTestExecutionListener, org.springframework.test.context.support.DirtiesContextBeforeModesTestExecutionListener, org.springframework.test.context.event.ApplicationEventsTestExecutionListener, org.springframework.test.context.support.DependencyInjectionTestExecutionListener, org.springframework.test.context.support.DirtiesContextTestExecutionListener, org.springframework.test.context.transaction.TransactionalTestExecutionListener, org.springframework.test.context.jdbc.SqlScriptsTestExecutionListener, org.springframework.test.context.event.EventPublishingTestExecutionListener]
2021-12-09 18:27:56.427  INFO 14360 --- [    Test worker] .b.t.c.SpringBootTestContextBootstrapper : Using TestExecutionListeners: [org.springframework.test.context.web.ServletTestExecutionListener@623870b0, org.springframework.test.context.support.DirtiesContextBeforeModesTestExecutionListener@48a47d81, org.springframework.test.context.event.ApplicationEventsTestExecutionListener@41a35157, org.springframework.boot.test.mock.mockito.MockitoTestExecutionListener@fe81b65, org.springframework.boot.test.autoconfigure.SpringBootDependencyInjectionTestExecutionListener@2ef447d8, org.springframework.test.context.support.DirtiesContextTestExecutionListener@45577ff2, org.springframework.test.context.transaction.TransactionalTestExecutionListener@1e25a7e6, org.springframework.test.context.jdbc.SqlScriptsTestExecutionListener@51d9b474, org.springframework.security.test.context.support.WithSecurityContextTestExecutionListener@5d9ff310, org.springframework.test.context.event.EventPublishingTestExecutionListener@2349afbe, org.springframework.security.test.context.support.ReactorContextTestExecutionListener@10e036a6, org.springframework.boot.test.autoconfigure.restdocs.RestDocsTestExecutionListener@c065ada, org.springframework.boot.test.autoconfigure.web.client.MockRestServiceServerResetTestExecutionListener@2e233f39, org.springframework.boot.test.autoconfigure.web.servlet.MockMvcPrintOnlyOnFailureTestExecutionListener@40f9411c, org.springframework.boot.test.autoconfigure.web.servlet.WebDriverTestExecutionListener@51bd1aa3, org.springframework.boot.test.autoconfigure.webservices.client.MockWebServiceServerTestExecutionListener@6fd34ac4, org.springframework.boot.test.mock.mockito.ResetMocksTestExecutionListener@58be7af0]

  .   ____          _            __ _ _
 /\\ / ___'_ __ _ _(_)_ __  __ _ \ \ \ \
( ( )\___ | '_ | '_| | '_ \/ _` | \ \ \ \
 \\/  ___)| |_)| | | | | || (_| |  ) ) ) )
  '  |____| .__|_| |_|_| |_\__, | / / / /
 =========|_|==============|___/=/_/_/_/
 :: Spring Boot ::                (v2.5.5)

2021-12-09 18:27:56.512  INFO 14360 --- [    Test worker] c.s.a.w.web.IndexControllerTest          : Starting IndexControllerTest using Java 11.0.1 on EliteBook1050G1 with PID 14360 (started by jcy00 in C:\Learning\Java\spring)
2021-12-09 18:27:56.513  INFO 14360 --- [    Test worker] c.s.a.w.web.IndexControllerTest          : No active profile set, falling back to default profiles: default
2021-12-09 18:27:56.879  INFO 14360 --- [    Test worker] .s.d.r.c.RepositoryConfigurationDelegate : Bootstrapping Spring Data JPA repositories in DEFAULT mode.
2021-12-09 18:27:56.931  INFO 14360 --- [    Test worker] .s.d.r.c.RepositoryConfigurationDelegate : Finished Spring Data repository scanning in 51 ms. Found 2 JPA repository interfaces.
2021-12-09 18:27:57.457  INFO 14360 --- [    Test worker] o.s.b.w.embedded.tomcat.TomcatWebServer  : Tomcat initialized with port(s): 0 (http)
2021-12-09 18:27:57.477  INFO 14360 --- [    Test worker] o.apache.catalina.core.StandardService   : Starting service [Tomcat]
2021-12-09 18:27:57.478  INFO 14360 --- [    Test worker] org.apache.catalina.core.StandardEngine  : Starting Servlet engine: [Apache Tomcat/9.0.53]
2021-12-09 18:27:57.776  INFO 14360 --- [    Test worker] o.a.c.c.C.[Tomcat].[localhost].[/]       : Initializing Spring embedded WebApplicationContext
2021-12-09 18:27:57.776  INFO 14360 --- [    Test worker] w.s.c.ServletWebServerApplicationContext : Root WebApplicationContext: initialization completed in 1254 ms
2021-12-09 18:27:57.808  INFO 14360 --- [    Test worker] com.zaxxer.hikari.HikariDataSource       : HikariPool-2 - Starting...
2021-12-09 18:27:57.811  INFO 14360 --- [    Test worker] com.zaxxer.hikari.HikariDataSource       : HikariPool-2 - Start completed.
2021-12-09 18:27:57.811  INFO 14360 --- [    Test worker] o.s.b.a.h2.H2ConsoleAutoConfiguration    : H2 console available at '/h2-console'. Database available at 'jdbc:h2:mem:7a4a3a73-41cd-469f-aab3-490085fd5aa1'
2021-12-09 18:27:58.085  INFO 14360 --- [    Test worker] o.hibernate.jpa.internal.util.LogHelper  : HHH000204: Processing PersistenceUnitInfo [name: default]
2021-12-09 18:27:58.112  INFO 14360 --- [    Test worker] org.hibernate.dialect.Dialect            : HHH000400: Using dialect: org.hibernate.dialect.H2Dialect
Hibernate: drop table if exists posts CASCADE 
Hibernate: drop table if exists user CASCADE 
Hibernate: create table posts (id bigint generated by default as identity, created_date timestamp not null, modified_date timestamp not null, author varchar(255), content Text not null, title varchar(500) not null, primary key (id))
Hibernate: create table user (id bigint generated by default as identity, created_date timestamp not null, modified_date timestamp not null, email varchar(255) not null, name varchar(255) not null, picture varchar(255), role varchar(255) not null, primary key (id))
2021-12-09 18:27:58.187  INFO 14360 --- [    Test worker] o.h.e.t.j.p.i.JtaPlatformInitiator       : HHH000490: Using JtaPlatform implementation: [org.hibernate.engine.transaction.jta.platform.internal.NoJtaPlatform]
2021-12-09 18:27:58.187  INFO 14360 --- [    Test worker] j.LocalContainerEntityManagerFactoryBean : Initialized JPA EntityManagerFactory for persistence unit 'default'
2021-12-09 18:27:58.558  WARN 14360 --- [    Test worker] JpaBaseConfiguration$JpaWebConfiguration : spring.jpa.open-in-view is enabled by default. Therefore, database queries may be performed during view rendering. Explicitly configure spring.jpa.open-in-view to disable this warning
2021-12-09 18:27:58.992  INFO 14360 --- [    Test worker] o.s.s.web.DefaultSecurityFilterChain     : Will secure any request with [org.springframework.security.web.context.request.async.WebAsyncManagerIntegrationFilter@741dc4e7, org.springframework.security.web.context.SecurityContextPersistenceFilter@63b894a0, org.springframework.security.web.header.HeaderWriterFilter@69399f70, org.springframework.security.web.authentication.logout.LogoutFilter@2075d3ec, org.springframework.security.oauth2.client.web.OAuth2AuthorizationRequestRedirectFilter@51301261, org.springframework.security.oauth2.client.web.OAuth2LoginAuthenticationFilter@c607504, org.springframework.security.web.authentication.ui.DefaultLoginPageGeneratingFilter@7c21479f, org.springframework.security.web.authentication.ui.DefaultLogoutPageGeneratingFilter@72d8b854, org.springframework.security.web.savedrequest.RequestCacheAwareFilter@78f07cac, org.springframework.security.web.servletapi.SecurityContextHolderAwareRequestFilter@5d97aedd, org.springframework.security.web.authentication.AnonymousAuthenticationFilter@232a0f74, org.springframework.security.web.session.SessionManagementFilter@7ffbcd95, org.springframework.security.web.access.ExceptionTranslationFilter@75edd7cc, org.springframework.security.web.access.intercept.FilterSecurityInterceptor@5b0ba911]
2021-12-09 18:27:59.241  INFO 14360 --- [    Test worker] o.s.b.a.w.s.WelcomePageHandlerMapping    : Adding welcome page template: index
2021-12-09 18:27:59.573  INFO 14360 --- [    Test worker] o.s.b.w.embedded.tomcat.TomcatWebServer  : Tomcat started on port(s): 49877 (http) with context path ''
2021-12-09 18:27:59.578  INFO 14360 --- [    Test worker] s.a.ScheduledAnnotationBeanPostProcessor : No TaskScheduler/ScheduledExecutorService bean found for scheduled processing
2021-12-09 18:27:59.580  INFO 14360 --- [    Test worker] c.s.a.w.web.IndexControllerTest          : Started IndexControllerTest in 3.149 seconds (JVM running for 19.168)
2021-12-09 18:27:59.737  INFO 14360 --- [o-auto-1-exec-1] o.a.c.c.C.[Tomcat].[localhost].[/]       : Initializing Spring DispatcherServlet 'dispatcherServlet'
2021-12-09 18:27:59.737  INFO 14360 --- [o-auto-1-exec-1] o.s.web.servlet.DispatcherServlet        : Initializing Servlet 'dispatcherServlet'
2021-12-09 18:27:59.738  INFO 14360 --- [o-auto-1-exec-1] o.s.web.servlet.DispatcherServlet        : Completed initialization in 1 ms
Hibernate: select posts0_.id as id1_0_, posts0_.created_date as created_2_0_, posts0_.modified_date as modified3_0_, posts0_.author as author4_0_, posts0_.content as content5_0_, posts0_.title as title6_0_ from posts posts0_ order by posts0_.id DESC
]]></system-out>
  <system-err><![CDATA[]]></system-err>
</testsuite>
